<?xml version="1.0" encoding="UTF-8"?>
<testsuite name="CarTest" tests="2" skipped="0" failures="0" errors="0" timestamp="2022-10-13T20:22:06" hostname="Andrea-MacBook-Pro" time="0.001">
  <properties/>
  <testcase name="driveTest" classname="CarTest" time="0.001"/>
  <testcase name="addFuelTest" classname="CarTest" time="0.0"/>
  <system-out><![CDATA[]]></system-out>
  <system-err><![CDATA[]]></system-err>
</testsuite>
