<?xml version="1.0" encoding="UTF-8"?>
<testsuite name="PhoneCompanyTest" tests="1" skipped="0" failures="0" errors="0" timestamp="2022-10-20T21:54:13" hostname="Andrea-MacBook-Pro" time="0.005">
  <properties/>
  <testcase name="testSolution" classname="PhoneCompanyTest" time="0.005"/>
  <system-out><![CDATA[]]></system-out>
  <system-err><![CDATA[]]></system-err>
</testsuite>
