<?xml version="1.0" encoding="UTF-8"?>
<testsuite name="LockerTest" tests="3" skipped="0" failures="0" errors="0" timestamp="2022-10-13T20:22:13" hostname="Andrea-MacBook-Pro" time="0.001">
  <properties/>
  <testcase name="codeTest" classname="LockerTest" time="0.001"/>
  <testcase name="errorUnlockTest" classname="LockerTest" time="0.0"/>
  <testcase name="lockTest" classname="LockerTest" time="0.0"/>
  <system-out><![CDATA[]]></system-out>
  <system-err><![CDATA[]]></system-err>
</testsuite>
