<?xml version="1.0" encoding="UTF-8"?>
<testsuite name="VendingMachineTest" tests="3" skipped="0" failures="0" errors="0" timestamp="2022-10-13T20:22:24" hostname="Andrea-MacBook-Pro" time="0.0">
  <properties/>
  <testcase name="takeMoneyTest" classname="VendingMachineTest" time="0.0"/>
  <testcase name="addCansTest" classname="VendingMachineTest" time="0.0"/>
  <testcase name="takeCansTest" classname="VendingMachineTest" time="0.0"/>
  <system-out><![CDATA[]]></system-out>
  <system-err><![CDATA[]]></system-err>
</testsuite>
