<?xml version="1.0" encoding="UTF-8"?>
<testsuite name="InfectedTest" tests="3" skipped="0" failures="0" errors="0" timestamp="2022-10-13T20:22:03" hostname="Andrea-MacBook-Pro" time="0.003">
  <properties/>
  <testcase name="rtDecreseTest" classname="InfectedTest" time="0.001"/>
  <testcase name="rtAddTest" classname="InfectedTest" time="0.0"/>
  <testcase name="addInfectedTest" classname="InfectedTest" time="0.0"/>
  <system-out><![CDATA[]]></system-out>
  <system-err><![CDATA[]]></system-err>
</testsuite>
