<?xml version="1.0" encoding="UTF-8"?>
<testsuite name="StudentTest" tests="3" skipped="0" failures="0" errors="0" timestamp="2022-10-13T20:22:00" hostname="Andrea-MacBook-Pro" time="0.001">
  <properties/>
  <testcase name="averageGradeTest" classname="StudentTest" time="0.0"/>
  <testcase name="newStudentTest" classname="StudentTest" time="0.0"/>
  <testcase name="addEsamTest" classname="StudentTest" time="0.0"/>
  <system-out><![CDATA[]]></system-out>
  <system-err><![CDATA[]]></system-err>
</testsuite>
